[2026-01-23 18:00:05] [INFO] Starting health check
[2026-01-23 18:00:07] [INFO] All systems healthy
[2026-01-24 00:00:00] [INFO] Starting health check
[2026-01-24 00:00:01] [INFO] All systems healthy
[2026-01-24 06:00:00] [INFO] Starting health check
[2026-01-24 06:00:00] [WARN] Corrupted: command-usage.jsonl (11 bad entries)
[2026-01-24 06:00:00] [INFO] Backfills needed: 1
[2026-01-24 06:00:00] [INFO] Running backfill: Clean command-usage.jsonl
[2026-01-24 06:00:00] [INFO] Backfill complete: Clean command-usage.jsonl
[2026-01-24 06:00:00] [INFO] Backfills completed: 1/1
[2026-01-24 12:00:00] [INFO] Starting health check
[2026-01-24 12:00:00] [INFO] All systems healthy
[2026-01-24 18:00:00] [INFO] Starting health check
[2026-01-24 18:00:00] [INFO] All systems healthy
[2026-01-25 00:00:00] [INFO] Starting health check
[2026-01-25 00:00:00] [WARN] Corrupted: command-usage.jsonl (24 bad entries)
[2026-01-25 00:00:00] [INFO] Backfills needed: 1
[2026-01-25 00:00:00] [INFO] Running backfill: Clean command-usage.jsonl
[2026-01-25 00:00:00] [INFO] Backfill complete: Clean command-usage.jsonl
[2026-01-25 00:00:00] [INFO] Backfills completed: 1/1
[2026-01-25 06:00:00] [INFO] Starting health check
[2026-01-25 06:00:00] [INFO] All systems healthy
[2026-01-25 12:00:00] [INFO] Starting health check
[2026-01-25 12:00:01] [INFO] All systems healthy
[2026-01-25 18:00:01] [INFO] Starting health check
[2026-01-25 18:00:01] [INFO] All systems healthy
[2026-01-26 00:00:00] [INFO] Starting health check
[2026-01-26 00:00:00] [INFO] All systems healthy
[2026-01-26 06:00:01] [INFO] Starting health check
[2026-01-26 06:00:01] [INFO] All systems healthy
[2026-01-26 12:00:00] [INFO] Starting health check
[2026-01-26 12:00:01] [INFO] All systems healthy
[2026-01-26 18:00:00] [INFO] Starting health check
[2026-01-26 18:00:01] [INFO] All systems healthy
[2026-01-27 00:00:01] [INFO] Starting health check
[2026-01-27 00:00:02] [INFO] All systems healthy
[2026-01-27 06:00:00] [INFO] Starting health check
[2026-01-27 06:00:01] [INFO] All systems healthy
[2026-01-27 12:00:00] [INFO] Starting health check
[2026-01-27 12:00:01] [INFO] All systems healthy
[2026-01-27 18:00:01] [INFO] Starting health check
[2026-01-27 18:00:01] [INFO] All systems healthy
[2026-01-28 00:00:00] [INFO] Starting health check
[2026-01-28 00:00:01] [INFO] All systems healthy
