08:38:40 Feeding activity tracker...
08:38:40 Feeding subscription tracker...
08:38:41 Feeding complexity analyzer...
08:38:41 Feeding context budget...
08:38:41 Feeding token optimizer...
08:38:41 Feeding git tracker...
14:13:38 Feeding activity tracker...
14:13:38 Feeding subscription tracker...
14:13:38 Feeding complexity analyzer...
14:13:38 Feeding context budget...
14:13:38 Feeding token optimizer...
14:13:38 Feeding git tracker...
14:23:17 Feeding activity tracker...
14:23:17 Feeding subscription tracker...
14:23:18 Feeding complexity analyzer...
14:23:18 Feeding context budget...
14:23:18 Feeding token optimizer...
14:23:18 Feeding git tracker...
14:36:58 Feeding activity tracker...
14:36:59 Feeding subscription tracker...
14:36:59 Feeding complexity analyzer...
14:36:59 Feeding context budget...
14:36:59 Feeding token optimizer...
14:36:59 Feeding git tracker...
15:47:01 Feeding activity tracker...
15:47:02 Feeding subscription tracker...
15:47:02 Feeding complexity analyzer...
15:47:02 Feeding context budget...
15:47:02 Feeding token optimizer...
15:47:02 Feeding git tracker...
17:41:08 Feeding activity tracker...
17:41:08 Feeding subscription tracker...
17:41:08 Feeding complexity analyzer...
17:41:08 Feeding context budget...
17:41:08 Feeding token optimizer...
17:41:09 Feeding git tracker...
17:43:59 Feeding activity tracker...
17:43:59 Feeding subscription tracker...
17:43:59 Feeding complexity analyzer...
17:43:59 Feeding context budget...
17:43:59 Feeding token optimizer...
17:43:59 Feeding git tracker...
18:00:18 Feeding activity tracker...
18:00:18 Feeding subscription tracker...
18:00:18 Feeding complexity analyzer...
18:00:18 Feeding context budget...
18:00:18 Feeding token optimizer...
18:00:18 Feeding git tracker...
22:15:30 Feeding activity tracker...
22:15:30 Feeding subscription tracker...
22:15:30 Feeding complexity analyzer...
22:15:30 Feeding context budget...
22:15:30 Feeding token optimizer...
22:15:31 Feeding git tracker...
22:51:47 Feeding activity tracker...
22:51:48 Feeding subscription tracker...
22:51:48 Feeding complexity analyzer...
22:51:48 Feeding context budget...
22:51:48 Feeding token optimizer...
22:51:48 Feeding git tracker...
03:58:42 Feeding activity tracker...
03:58:42 Feeding subscription tracker...
03:58:42 Feeding complexity analyzer...
03:58:42 Feeding context budget...
03:58:42 Feeding token optimizer...
03:58:43 Feeding git tracker...
06:00:13 Feeding activity tracker...
06:00:13 Feeding subscription tracker...
06:00:13 Feeding complexity analyzer...
06:00:13 Feeding context budget...
06:00:13 Feeding token optimizer...
06:00:13 Feeding git tracker...
18:00:17 Feeding activity tracker...
18:00:17 Feeding subscription tracker...
18:00:17 Feeding complexity analyzer...
18:00:17 Feeding context budget...
18:00:17 Feeding token optimizer...
18:00:17 Feeding git tracker...
21:41:20 Feeding activity tracker...
21:41:21 Feeding subscription tracker...
21:41:21 Feeding complexity analyzer...
21:41:21 Feeding context budget...
21:41:21 Feeding token optimizer...
21:41:21 Feeding git tracker...
21:44:25 Feeding activity tracker...
21:44:25 Feeding subscription tracker...
21:44:25 Feeding complexity analyzer...
21:44:25 Feeding context budget...
21:44:25 Feeding token optimizer...
21:44:25 Feeding git tracker...
21:54:14 Feeding activity tracker...
21:54:14 Feeding subscription tracker...
21:54:14 Feeding complexity analyzer...
21:54:14 Feeding context budget...
21:54:14 Feeding token optimizer...
21:54:14 Feeding git tracker...
21:54:28 Feeding activity tracker...
21:54:28 Feeding subscription tracker...
21:54:28 Feeding complexity analyzer...
21:54:28 Feeding context budget...
21:54:28 Feeding token optimizer...
21:54:28 Feeding git tracker...
22:28:23 Feeding activity tracker...
22:28:23 Feeding subscription tracker...
22:28:23 Feeding complexity analyzer...
22:28:23 Feeding context budget...
22:28:23 Feeding token optimizer...
22:28:23 Feeding git tracker...
22:28:32 Feeding activity tracker...
22:28:32 Feeding subscription tracker...
22:28:32 Feeding complexity analyzer...
22:28:32 Feeding context budget...
22:28:32 Feeding token optimizer...
22:28:32 Feeding git tracker...
01:06:00 Feeding activity tracker...
01:06:00 Feeding subscription tracker...
01:06:00 Feeding complexity analyzer...
01:06:01 Feeding context budget...
01:06:01 Feeding token optimizer...
01:06:01 Feeding git tracker...
02:27:37 Feeding activity tracker...
02:27:37 Feeding subscription tracker...
02:27:37 Feeding complexity analyzer...
02:27:38 Feeding context budget...
02:27:38 Feeding token optimizer...
02:27:38 Feeding git tracker...
04:11:50 Feeding activity tracker...
04:11:50 Feeding subscription tracker...
04:11:50 Feeding complexity analyzer...
04:11:51 Feeding context budget...
04:11:51 Feeding token optimizer...
04:11:51 Feeding git tracker...
04:20:23 Feeding activity tracker...
04:20:24 Feeding subscription tracker...
04:20:24 Feeding complexity analyzer...
04:20:24 Feeding context budget...
04:20:24 Feeding token optimizer...
04:20:24 Feeding git tracker...
04:48:09 Feeding activity tracker...
04:48:09 Feeding subscription tracker...
04:48:09 Feeding complexity analyzer...
04:48:09 Feeding context budget...
04:48:09 Feeding token optimizer...
04:48:10 Feeding git tracker...
04:51:36 Feeding activity tracker...
04:51:37 Feeding subscription tracker...
04:51:37 Feeding complexity analyzer...
04:51:37 Feeding context budget...
04:51:37 Feeding token optimizer...
04:51:37 Feeding git tracker...
05:10:44 Feeding activity tracker...
05:10:45 Feeding subscription tracker...
05:10:45 Feeding complexity analyzer...
05:10:45 Feeding context budget...
05:10:45 Feeding token optimizer...
05:10:45 Feeding git tracker...
05:15:55 Feeding activity tracker...
05:15:56 Feeding subscription tracker...
05:15:56 Feeding complexity analyzer...
05:15:56 Feeding context budget...
05:15:57 Feeding token optimizer...
05:15:57 Feeding git tracker...
05:22:37 Feeding activity tracker...
05:22:37 Feeding subscription tracker...
05:22:37 Feeding complexity analyzer...
05:22:37 Feeding context budget...
05:22:37 Feeding token optimizer...
05:22:37 Feeding git tracker...
05:56:57 Feeding activity tracker...
05:56:57 Feeding subscription tracker...
05:56:58 Feeding complexity analyzer...
05:56:58 Feeding context budget...
05:56:58 Feeding token optimizer...
05:56:58 Feeding git tracker...
06:00:39 Feeding activity tracker...
06:00:40 Feeding subscription tracker...
06:00:40 Feeding complexity analyzer...
06:00:40 Feeding context budget...
06:00:40 Feeding token optimizer...
06:00:41 Feeding git tracker...
06:16:23 Feeding activity tracker...
06:16:24 Feeding subscription tracker...
06:16:24 Feeding complexity analyzer...
06:16:24 Feeding context budget...
06:16:24 Feeding token optimizer...
06:16:24 Feeding git tracker...
06:28:59 Feeding activity tracker...
06:28:59 Feeding subscription tracker...
06:28:59 Feeding complexity analyzer...
06:28:59 Feeding context budget...
06:28:59 Feeding token optimizer...
06:28:59 Feeding git tracker...
06:36:29 Feeding activity tracker...
06:36:29 Feeding subscription tracker...
06:36:29 Feeding complexity analyzer...
06:36:29 Feeding context budget...
06:36:29 Feeding token optimizer...
06:36:29 Feeding git tracker...
06:43:56 Feeding activity tracker...
06:43:57 Feeding subscription tracker...
06:43:57 Feeding complexity analyzer...
06:43:57 Feeding context budget...
06:43:57 Feeding token optimizer...
06:43:57 Feeding git tracker...
07:24:02 Feeding activity tracker...
07:24:04 Feeding subscription tracker...
07:24:05 Feeding complexity analyzer...
07:24:05 Feeding context budget...
07:24:05 Feeding token optimizer...
07:24:06 Feeding git tracker...
07:34:25 Feeding activity tracker...
07:34:26 Feeding subscription tracker...
07:34:26 Feeding complexity analyzer...
07:34:26 Feeding context budget...
07:34:26 Feeding token optimizer...
07:34:26 Feeding git tracker...
07:36:39 Feeding activity tracker...
07:36:40 Feeding subscription tracker...
07:36:40 Feeding complexity analyzer...
07:36:40 Feeding context budget...
07:36:40 Feeding token optimizer...
07:36:40 Feeding git tracker...
07:49:22 Feeding activity tracker...
07:49:22 Feeding subscription tracker...
07:49:22 Feeding complexity analyzer...
07:49:22 Feeding context budget...
07:49:22 Feeding token optimizer...
07:49:22 Feeding git tracker...
07:49:29 Feeding activity tracker...
07:49:29 Feeding subscription tracker...
07:49:29 Feeding complexity analyzer...
07:49:30 Feeding context budget...
07:49:30 Feeding token optimizer...
07:49:30 Feeding git tracker...
07:49:50 Feeding activity tracker...
07:49:50 Feeding subscription tracker...
07:49:50 Feeding complexity analyzer...
07:49:50 Feeding context budget...
07:49:50 Feeding token optimizer...
07:49:50 Feeding git tracker...
07:53:22 Feeding activity tracker...
07:53:22 Feeding subscription tracker...
07:53:23 Feeding complexity analyzer...
07:53:23 Feeding context budget...
07:53:23 Feeding token optimizer...
07:53:23 Feeding git tracker...
07:53:31 Feeding activity tracker...
07:53:31 Feeding subscription tracker...
07:53:31 Feeding complexity analyzer...
07:53:31 Feeding context budget...
07:53:31 Feeding token optimizer...
07:53:31 Feeding git tracker...
07:53:43 Feeding activity tracker...
07:53:43 Feeding subscription tracker...
07:53:43 Feeding complexity analyzer...
07:53:43 Feeding context budget...
07:53:43 Feeding token optimizer...
07:53:43 Feeding git tracker...
15:46:21 Feeding activity tracker...
15:46:21 Feeding subscription tracker...
15:46:22 Feeding complexity analyzer...
15:46:22 Feeding context budget...
15:46:23 Feeding token optimizer...
15:46:23 Feeding git tracker...
18:00:28 Feeding activity tracker...
18:00:28 Feeding subscription tracker...
18:00:28 Feeding complexity analyzer...
18:00:28 Feeding context budget...
18:00:28 Feeding token optimizer...
18:00:29 Feeding git tracker...
21:37:54 Feeding activity tracker...
21:37:55 Feeding subscription tracker...
21:37:55 Feeding complexity analyzer...
21:37:55 Feeding context budget...
21:37:55 Feeding token optimizer...
21:37:55 Feeding git tracker...
21:45:47 Feeding activity tracker...
21:45:48 Feeding subscription tracker...
21:45:48 Feeding complexity analyzer...
21:45:48 Feeding context budget...
21:45:48 Feeding token optimizer...
21:45:48 Feeding git tracker...
21:52:07 Feeding activity tracker...
21:52:08 Feeding subscription tracker...
21:52:09 Feeding complexity analyzer...
21:52:09 Feeding context budget...
21:52:09 Feeding token optimizer...
21:52:09 Feeding git tracker...
21:57:09 Feeding activity tracker...
21:57:10 Feeding subscription tracker...
21:57:10 Feeding complexity analyzer...
21:57:11 Feeding context budget...
21:57:11 Feeding token optimizer...
21:57:11 Feeding git tracker...
23:08:21 Feeding activity tracker...
23:08:21 Feeding activity tracker...
23:08:21 Feeding activity tracker...
23:08:21 Feeding activity tracker...
23:08:22 Feeding activity tracker...
23:08:22 Feeding activity tracker...
23:08:22 Feeding activity tracker...
06:00:24 Feeding activity tracker...
06:00:24 Feeding subscription tracker...
06:00:24 Feeding complexity analyzer...
06:00:24 Feeding context budget...
06:00:24 Feeding token optimizer...
06:00:24 Feeding git tracker...
16:28:51 Feeding activity tracker...
16:28:52 Feeding subscription tracker...
16:28:52 Feeding complexity analyzer...
16:28:52 Feeding context budget...
16:28:52 Feeding token optimizer...
16:28:52 Feeding git tracker...
18:00:21 Feeding activity tracker...
18:00:21 Feeding subscription tracker...
18:00:21 Feeding complexity analyzer...
18:00:21 Feeding context budget...
18:00:21 Feeding token optimizer...
18:00:21 Feeding git tracker...
18:53:15 Feeding activity tracker...
18:53:16 Feeding subscription tracker...
18:53:16 Feeding complexity analyzer...
18:53:16 Feeding context budget...
18:53:16 Feeding token optimizer...
18:53:16 Feeding git tracker...
06:00:22 Feeding activity tracker...
06:00:22 Feeding subscription tracker...
06:00:22 Feeding complexity analyzer...
06:00:22 Feeding context budget...
06:00:22 Feeding token optimizer...
06:00:23 Feeding git tracker...
13:48:38 Feeding activity tracker...
13:48:38 Feeding subscription tracker...
13:48:38 Feeding complexity analyzer...
13:48:38 Feeding context budget...
13:48:38 Feeding token optimizer...
13:48:38 Feeding git tracker...
13:49:15 Feeding activity tracker...
13:49:16 Feeding subscription tracker...
13:49:16 Feeding complexity analyzer...
13:49:16 Feeding context budget...
13:49:16 Feeding token optimizer...
13:49:16 Feeding git tracker...
14:52:01 Feeding activity tracker...
14:52:01 Feeding subscription tracker...
14:52:01 Feeding complexity analyzer...
14:52:02 Feeding context budget...
14:52:02 Feeding token optimizer...
14:52:02 Feeding git tracker...
15:06:27 Feeding activity tracker...
15:06:27 Feeding subscription tracker...
15:06:27 Feeding complexity analyzer...
15:06:27 Feeding context budget...
15:06:27 Feeding token optimizer...
15:06:27 Feeding git tracker...
15:06:39 Feeding activity tracker...
15:06:39 Feeding subscription tracker...
15:06:39 Feeding complexity analyzer...
15:06:39 Feeding context budget...
15:06:39 Feeding token optimizer...
15:06:39 Feeding git tracker...
15:38:51 Feeding activity tracker...
15:38:52 Feeding activity tracker...
15:38:52 Feeding activity tracker...
15:38:52 Feeding activity tracker...
15:38:52 Feeding activity tracker...
15:38:52 Feeding activity tracker...
15:38:52 Feeding activity tracker...
15:38:53 Feeding activity tracker...
15:38:53 Feeding activity tracker...
15:38:52 Feeding activity tracker...
15:38:54 Feeding activity tracker...
15:38:54 Feeding activity tracker...
15:38:54 Feeding activity tracker...
15:38:55 Feeding activity tracker...
15:38:57 Feeding subscription tracker...
15:38:57 Feeding subscription tracker...
15:38:57 Feeding subscription tracker...
15:38:57 Feeding subscription tracker...
15:38:57 Feeding subscription tracker...
15:38:58 Feeding subscription tracker...
15:38:58 Feeding subscription tracker...
15:38:58 Feeding subscription tracker...
15:38:58 Feeding subscription tracker...
15:38:59 Feeding subscription tracker...
15:39:00 Feeding subscription tracker...
15:39:00 Feeding complexity analyzer...
15:39:00 Feeding subscription tracker...
15:39:01 Feeding subscription tracker...
15:39:01 Feeding subscription tracker...
15:39:02 Feeding complexity analyzer...
15:39:02 Feeding complexity analyzer...
15:39:02 Feeding complexity analyzer...
15:39:02 Feeding complexity analyzer...
15:39:03 Feeding complexity analyzer...
15:39:03 Feeding complexity analyzer...
15:39:03 Feeding complexity analyzer...
15:39:03 Feeding complexity analyzer...
15:39:03 Feeding complexity analyzer...
15:39:03 Feeding complexity analyzer...
15:39:03 Feeding complexity analyzer...
15:39:04 Feeding complexity analyzer...
15:39:05 Feeding context budget...
15:39:05 Feeding context budget...
15:39:05 Feeding context budget...
15:39:05 Feeding complexity analyzer...
15:39:06 Feeding context budget...
15:39:06 Feeding context budget...
15:39:07 Feeding context budget...
15:39:07 Feeding context budget...
15:39:07 Feeding context budget...
15:39:07 Feeding context budget...
15:39:07 Feeding context budget...
15:39:07 Feeding context budget...
15:39:08 Feeding context budget...
15:39:09 Feeding token optimizer...
15:39:09 Feeding token optimizer...
15:39:09 Feeding context budget...
15:39:09 Feeding token optimizer...
15:39:09 Feeding token optimizer...
15:39:10 Feeding context budget...
15:39:10 Feeding token optimizer...
15:39:10 Feeding token optimizer...
15:39:11 Feeding token optimizer...
15:39:11 Feeding token optimizer...
15:39:11 Feeding token optimizer...
15:39:11 Feeding token optimizer...
15:39:11 Feeding git tracker...
15:39:11 Feeding token optimizer...
15:39:11 Feeding token optimizer...
15:39:11 Feeding token optimizer...
15:39:12 Feeding git tracker...
15:39:12 Feeding token optimizer...
15:39:12 Feeding git tracker...
15:39:12 Feeding git tracker...
15:39:12 Feeding git tracker...
15:39:12 Feeding git tracker...
15:39:12 Feeding git tracker...
15:39:13 Feeding git tracker...
15:39:13 Feeding git tracker...
15:39:13 Feeding git tracker...
15:39:13 Feeding git tracker...
15:39:13 Feeding git tracker...
15:39:13 Feeding git tracker...
15:39:13 Feeding git tracker...
15:40:18 Feeding activity tracker...
15:40:18 Feeding activity tracker...
15:40:18 Feeding activity tracker...
15:40:18 Feeding activity tracker...
15:40:19 Feeding activity tracker...
15:40:20 Feeding activity tracker...
15:40:20 Feeding activity tracker...
15:40:20 Feeding activity tracker...
15:40:20 Feeding activity tracker...
15:40:20 Feeding activity tracker...
15:40:20 Feeding activity tracker...
15:40:21 Feeding subscription tracker...
15:40:21 Feeding activity tracker...
15:40:21 Feeding subscription tracker...
15:40:21 Feeding activity tracker...
15:40:22 Feeding subscription tracker...
15:40:22 Feeding activity tracker...
15:40:22 Feeding subscription tracker...
15:40:23 Feeding subscription tracker...
15:40:23 Feeding subscription tracker...
15:40:23 Feeding subscription tracker...
15:40:23 Feeding subscription tracker...
15:40:24 Feeding subscription tracker...
15:40:24 Feeding subscription tracker...
15:40:24 Feeding complexity analyzer...
15:40:25 Feeding subscription tracker...
15:40:25 Feeding subscription tracker...
15:40:25 Feeding complexity analyzer...
15:40:25 Feeding complexity analyzer...
15:40:25 Feeding complexity analyzer...
15:40:26 Feeding complexity analyzer...
15:40:26 Feeding subscription tracker...
15:40:26 Feeding complexity analyzer...
15:40:26 Feeding subscription tracker...
15:40:26 Feeding complexity analyzer...
15:40:26 Feeding complexity analyzer...
15:40:27 Feeding complexity analyzer...
15:40:27 Feeding context budget...
15:40:27 Feeding complexity analyzer...
15:40:27 Feeding complexity analyzer...
15:40:27 Feeding complexity analyzer...
15:40:27 Feeding complexity analyzer...
15:40:27 Feeding context budget...
15:40:27 Feeding context budget...
15:40:27 Feeding context budget...
15:40:27 Feeding context budget...
15:40:27 Feeding context budget...
15:40:27 Feeding context budget...
15:40:27 Feeding context budget...
15:40:27 Feeding complexity analyzer...
15:40:27 Feeding context budget...
15:40:27 Feeding token optimizer...
15:40:28 Feeding context budget...
15:40:28 Feeding token optimizer...
15:40:28 Feeding token optimizer...
15:40:28 Feeding context budget...
15:40:28 Feeding token optimizer...
15:40:28 Feeding token optimizer...
15:40:28 Feeding token optimizer...
15:40:28 Feeding token optimizer...
15:40:28 Feeding token optimizer...
15:40:28 Feeding context budget...
15:40:28 Feeding context budget...
15:40:28 Feeding git tracker...
15:40:28 Feeding token optimizer...
15:40:29 Feeding token optimizer...
15:40:28 Feeding git tracker...
15:40:29 Feeding git tracker...
15:40:29 Feeding context budget...
15:40:29 Feeding git tracker...
15:40:29 Feeding git tracker...
15:40:29 Feeding git tracker...
15:40:29 Feeding git tracker...
15:40:29 Feeding token optimizer...
15:40:29 Feeding token optimizer...
15:40:29 Feeding token optimizer...
15:40:29 Feeding git tracker...
15:40:29 Feeding token optimizer...
15:40:29 Feeding git tracker...
15:40:29 Feeding git tracker...
15:40:29 Feeding git tracker...
15:40:29 Feeding git tracker...
15:40:30 Feeding git tracker...
15:40:30 Feeding git tracker...
15:41:03 Feeding activity tracker...
15:41:03 Feeding activity tracker...
15:41:04 Feeding activity tracker...
15:41:04 Feeding activity tracker...
15:41:05 Feeding activity tracker...
15:41:05 Feeding activity tracker...
15:41:06 Feeding subscription tracker...
15:41:08 Feeding activity tracker...
15:41:09 Feeding activity tracker...
15:41:09 Feeding activity tracker...
15:41:09 Feeding activity tracker...
15:41:10 Feeding activity tracker...
15:41:10 Feeding activity tracker...
15:41:11 Feeding activity tracker...
15:41:11 Feeding subscription tracker...
15:41:12 Feeding complexity analyzer...
15:41:12 Feeding subscription tracker...
15:41:13 Feeding subscription tracker...
15:41:13 Feeding subscription tracker...
15:41:14 Feeding subscription tracker...
15:41:15 Feeding subscription tracker...
15:41:15 Feeding complexity analyzer...
15:41:15 Feeding subscription tracker...
15:41:15 Feeding subscription tracker...
15:41:15 Feeding complexity analyzer...
15:41:15 Feeding subscription tracker...
15:41:15 Feeding complexity analyzer...
15:41:15 Feeding context budget...
15:41:15 Feeding complexity analyzer...
15:41:16 Feeding subscription tracker...
15:41:16 Feeding subscription tracker...
15:41:16 Feeding complexity analyzer...
15:41:16 Feeding subscription tracker...
15:41:16 Feeding complexity analyzer...
15:41:16 Feeding context budget...
15:41:17 Feeding complexity analyzer...
15:41:17 Feeding complexity analyzer...
15:41:17 Feeding complexity analyzer...
15:41:18 Feeding context budget...
15:41:18 Feeding complexity analyzer...
15:41:18 Feeding complexity analyzer...
15:41:18 Feeding token optimizer...
15:41:18 Feeding context budget...
15:41:18 Feeding context budget...
15:41:18 Feeding complexity analyzer...
15:41:18 Feeding context budget...
15:41:19 Feeding context budget...
15:41:19 Feeding context budget...
15:41:19 Feeding token optimizer...
15:41:19 Feeding context budget...
15:41:19 Feeding context budget...
15:41:19 Feeding token optimizer...
15:41:19 Feeding token optimizer...
15:41:19 Feeding context budget...
15:41:19 Feeding context budget...
15:41:20 Feeding token optimizer...
15:41:20 Feeding token optimizer...
15:41:20 Feeding context budget...
15:41:20 Feeding git tracker...
15:41:20 Feeding token optimizer...
15:41:20 Feeding git tracker...
15:41:20 Feeding git tracker...
15:41:20 Feeding token optimizer...
15:41:20 Feeding token optimizer...
15:41:20 Feeding git tracker...
15:41:20 Feeding token optimizer...
15:41:20 Feeding token optimizer...
15:41:20 Feeding git tracker...
15:41:20 Feeding token optimizer...
15:41:20 Feeding token optimizer...
15:41:20 Feeding git tracker...
15:41:20 Feeding git tracker...
15:41:20 Feeding git tracker...
15:41:21 Feeding git tracker...
15:41:21 Feeding git tracker...
15:41:21 Feeding git tracker...
15:41:21 Feeding git tracker...
15:41:21 Feeding git tracker...
15:41:22 Feeding activity tracker...
15:41:22 Feeding subscription tracker...
15:41:22 Feeding complexity analyzer...
15:41:23 Feeding context budget...
15:41:23 Feeding token optimizer...
15:41:23 Feeding git tracker...
15:42:42 Feeding activity tracker...
15:42:43 Feeding activity tracker...
15:42:43 Feeding activity tracker...
15:42:43 Feeding activity tracker...
15:42:43 Feeding subscription tracker...
15:42:43 Feeding subscription tracker...
15:42:43 Feeding subscription tracker...
15:42:43 Feeding subscription tracker...
15:42:44 Feeding complexity analyzer...
15:42:44 Feeding activity tracker...
15:42:44 Feeding complexity analyzer...
15:42:44 Feeding complexity analyzer...
15:42:44 Feeding complexity analyzer...
15:42:44 Feeding activity tracker...
15:42:44 Feeding context budget...
15:42:44 Feeding context budget...
15:42:44 Feeding context budget...
15:42:44 Feeding subscription tracker...
15:42:44 Feeding context budget...
15:42:45 Feeding subscription tracker...
15:42:45 Feeding token optimizer...
15:42:45 Feeding complexity analyzer...
15:42:45 Feeding token optimizer...
15:42:45 Feeding activity tracker...
15:42:45 Feeding git tracker...
15:42:45 Feeding context budget...
15:42:45 Feeding activity tracker...
15:42:45 Feeding activity tracker...
15:42:45 Feeding git tracker...
15:42:45 Feeding activity tracker...
15:42:46 Feeding token optimizer...
15:42:46 Feeding token optimizer...
15:42:46 Feeding complexity analyzer...
15:42:46 Feeding subscription tracker...
15:42:46 Feeding context budget...
15:42:46 Feeding git tracker...
15:42:46 Feeding token optimizer...
15:42:46 Feeding subscription tracker...
15:42:46 Feeding git tracker...
15:42:46 Feeding complexity analyzer...
15:42:47 Feeding subscription tracker...
15:42:47 Feeding complexity analyzer...
15:42:47 Feeding activity tracker...
15:42:47 Feeding subscription tracker...
15:42:47 Feeding token optimizer...
15:42:47 Feeding complexity analyzer...
15:42:47 Feeding git tracker...
15:42:47 Feeding complexity analyzer...
15:42:47 Feeding context budget...
15:42:47 Feeding subscription tracker...
15:42:47 Feeding context budget...
15:42:48 Feeding git tracker...
15:42:48 Feeding token optimizer...
15:42:48 Feeding complexity analyzer...
15:42:48 Feeding token optimizer...
15:42:48 Feeding context budget...
15:42:48 Feeding context budget...
15:42:48 Feeding git tracker...
15:42:48 Feeding git tracker...
15:42:48 Feeding token optimizer...
15:42:48 Feeding context budget...
15:42:48 Feeding token optimizer...
15:42:48 Feeding git tracker...
15:42:48 Feeding git tracker...
15:42:48 Feeding token optimizer...
15:42:49 Feeding git tracker...
16:35:35 Feeding activity tracker...
16:35:35 Feeding subscription tracker...
16:35:35 Feeding complexity analyzer...
16:35:35 Feeding context budget...
16:35:35 Feeding token optimizer...
16:35:35 Feeding git tracker...
16:49:56 Feeding activity tracker...
16:49:56 Feeding subscription tracker...
16:49:57 Feeding complexity analyzer...
16:49:57 Feeding context budget...
16:49:57 Feeding token optimizer...
16:49:57 Feeding git tracker...
16:59:18 Feeding activity tracker...
16:59:18 Feeding subscription tracker...
16:59:19 Feeding complexity analyzer...
16:59:19 Feeding context budget...
16:59:19 Feeding token optimizer...
16:59:19 Feeding git tracker...
17:00:20 Feeding activity tracker...
17:00:20 Feeding subscription tracker...
17:00:20 Feeding complexity analyzer...
17:00:21 Feeding context budget...
17:00:21 Feeding token optimizer...
17:00:21 Feeding git tracker...
17:01:42 Feeding activity tracker...
17:01:42 Feeding subscription tracker...
17:01:42 Feeding complexity analyzer...
17:01:42 Feeding context budget...
17:01:42 Feeding token optimizer...
17:01:42 Feeding git tracker...
17:01:55 Feeding activity tracker...
17:01:55 Feeding subscription tracker...
17:01:55 Feeding complexity analyzer...
17:01:55 Feeding context budget...
17:01:55 Feeding token optimizer...
17:01:55 Feeding git tracker...
17:35:47 Feeding activity tracker...
17:35:47 Feeding subscription tracker...
17:35:47 Feeding complexity analyzer...
17:35:48 Feeding context budget...
17:35:48 Feeding token optimizer...
17:35:48 Feeding git tracker...
17:50:07 Feeding activity tracker...
17:50:07 Feeding subscription tracker...
17:50:07 Feeding complexity analyzer...
17:50:08 Feeding context budget...
17:50:08 Feeding token optimizer...
17:50:08 Feeding git tracker...
18:00:41 Feeding activity tracker...
18:00:41 Feeding subscription tracker...
18:00:41 Feeding complexity analyzer...
18:00:41 Feeding context budget...
18:00:41 Feeding token optimizer...
18:00:41 Feeding git tracker...
18:07:27 Feeding activity tracker...
18:07:27 Feeding subscription tracker...
18:07:27 Feeding complexity analyzer...
18:07:27 Feeding context budget...
18:07:27 Feeding token optimizer...
18:07:27 Feeding git tracker...
18:31:34 Feeding activity tracker...
18:31:34 Feeding subscription tracker...
18:31:34 Feeding complexity analyzer...
18:31:34 Feeding context budget...
18:31:35 Feeding token optimizer...
18:31:35 Feeding git tracker...
21:03:06 Feeding activity tracker...
21:03:06 Feeding subscription tracker...
21:03:07 Feeding complexity analyzer...
21:03:07 Feeding context budget...
21:03:07 Feeding token optimizer...
21:03:07 Feeding git tracker...
21:31:28 Feeding activity tracker...
21:31:29 Feeding subscription tracker...
21:31:29 Feeding complexity analyzer...
21:31:29 Feeding context budget...
21:31:29 Feeding token optimizer...
21:31:29 Feeding git tracker...
22:31:22 Feeding activity tracker...
22:31:22 Feeding subscription tracker...
22:31:22 Feeding complexity analyzer...
22:31:22 Feeding context budget...
22:31:23 Feeding token optimizer...
22:31:23 Feeding git tracker...
23:34:47 Feeding activity tracker...
23:34:48 Feeding subscription tracker...
23:34:48 Feeding complexity analyzer...
23:34:48 Feeding context budget...
23:34:48 Feeding token optimizer...
23:34:48 Feeding git tracker...
23:41:18 Feeding activity tracker...
23:41:18 Feeding subscription tracker...
23:41:18 Feeding complexity analyzer...
23:41:18 Feeding context budget...
23:41:18 Feeding token optimizer...
23:41:18 Feeding git tracker...
23:48:56 Feeding activity tracker...
23:48:57 Feeding subscription tracker...
23:48:57 Feeding complexity analyzer...
23:48:57 Feeding context budget...
23:48:57 Feeding token optimizer...
23:48:57 Feeding git tracker...
23:53:44 Feeding activity tracker...
23:53:44 Feeding subscription tracker...
23:53:44 Feeding complexity analyzer...
23:53:44 Feeding context budget...
23:53:44 Feeding token optimizer...
23:53:44 Feeding git tracker...
23:55:03 Feeding activity tracker...
23:55:03 Feeding subscription tracker...
23:55:03 Feeding complexity analyzer...
23:55:03 Feeding context budget...
23:55:04 Feeding token optimizer...
23:55:04 Feeding git tracker...
02:25:11 Feeding activity tracker...
02:25:12 Feeding subscription tracker...
02:25:12 Feeding complexity analyzer...
02:25:12 Feeding context budget...
02:25:12 Feeding token optimizer...
02:25:12 Feeding git tracker...
02:54:11 Feeding activity tracker...
02:54:11 Feeding subscription tracker...
02:54:11 Feeding complexity analyzer...
02:54:11 Feeding context budget...
02:54:11 Feeding token optimizer...
02:54:11 Feeding git tracker...
03:34:39 Feeding activity tracker...
03:34:39 Feeding subscription tracker...
03:34:39 Feeding complexity analyzer...
03:34:39 Feeding context budget...
03:34:39 Feeding token optimizer...
03:34:39 Feeding git tracker...
13:26:16 Feeding activity tracker...
13:26:16 Feeding subscription tracker...
13:26:16 Feeding complexity analyzer...
13:26:16 Feeding context budget...
13:26:16 Feeding token optimizer...
13:26:16 Feeding git tracker...
15:51:50 Feeding activity tracker...
15:51:50 Feeding activity tracker...
15:51:51 Feeding subscription tracker...
15:51:51 Feeding subscription tracker...
15:51:52 Feeding complexity analyzer...
15:51:52 Feeding complexity analyzer...
15:51:52 Feeding context budget...
15:51:52 Feeding context budget...
15:51:52 Feeding token optimizer...
15:51:52 Feeding token optimizer...
15:51:52 Feeding git tracker...
15:51:52 Feeding git tracker...
16:11:56 Feeding activity tracker...
16:11:56 Feeding subscription tracker...
16:11:56 Feeding complexity analyzer...
16:11:57 Feeding context budget...
16:11:57 Feeding token optimizer...
16:11:57 Feeding git tracker...
16:17:04 Feeding activity tracker...
16:17:04 Feeding subscription tracker...
16:17:04 Feeding complexity analyzer...
16:17:04 Feeding context budget...
16:17:04 Feeding token optimizer...
16:17:04 Feeding git tracker...
16:23:30 Feeding activity tracker...
16:23:31 Feeding subscription tracker...
16:23:31 Feeding complexity analyzer...
16:23:31 Feeding context budget...
16:23:31 Feeding token optimizer...
16:23:31 Feeding git tracker...
18:00:30 Feeding activity tracker...
18:00:30 Feeding subscription tracker...
18:00:30 Feeding complexity analyzer...
18:00:30 Feeding context budget...
18:00:30 Feeding token optimizer...
18:00:30 Feeding git tracker...
20:18:14 Feeding activity tracker...
20:18:15 Feeding subscription tracker...
20:18:15 Feeding complexity analyzer...
20:18:15 Feeding context budget...
20:18:15 Feeding token optimizer...
20:18:15 Feeding git tracker...
20:53:27 Feeding activity tracker...
20:53:28 Feeding subscription tracker...
20:53:28 Feeding complexity analyzer...
20:53:28 Feeding context budget...
20:53:28 Feeding token optimizer...
20:53:28 Feeding git tracker...
02:07:16 Feeding activity tracker...
02:07:16 Feeding subscription tracker...
02:07:16 Feeding complexity analyzer...
02:07:17 Feeding context budget...
02:07:17 Feeding token optimizer...
02:07:17 Feeding git tracker...
02:39:36 Feeding activity tracker...
02:39:36 Feeding subscription tracker...
02:39:36 Feeding complexity analyzer...
02:39:36 Feeding context budget...
02:39:37 Feeding token optimizer...
02:39:37 Feeding git tracker...
06:00:55 Feeding activity tracker...
06:00:55 Feeding subscription tracker...
06:00:55 Feeding complexity analyzer...
06:00:56 Feeding context budget...
06:00:56 Feeding token optimizer...
06:00:56 Feeding git tracker...
18:00:29 Feeding activity tracker...
18:00:29 Feeding subscription tracker...
18:00:29 Feeding complexity analyzer...
18:00:29 Feeding context budget...
18:00:29 Feeding token optimizer...
18:00:29 Feeding git tracker...
21:00:01 Feeding activity tracker...
21:00:02 Feeding subscription tracker...
21:00:02 Feeding complexity analyzer...
21:00:02 Feeding context budget...
21:00:02 Feeding token optimizer...
21:00:02 Feeding git tracker...
22:00:11 Feeding activity tracker...
22:00:11 Feeding subscription tracker...
22:00:12 Feeding complexity analyzer...
22:00:12 Feeding context budget...
22:00:12 Feeding token optimizer...
22:00:12 Feeding git tracker...
23:48:04 Feeding activity tracker...
23:48:04 Feeding subscription tracker...
23:48:04 Feeding complexity analyzer...
23:48:04 Feeding context budget...
23:48:04 Feeding token optimizer...
23:48:04 Feeding git tracker...
01:30:18 Feeding activity tracker...
01:30:18 Feeding subscription tracker...
01:30:18 Feeding complexity analyzer...
01:30:18 Feeding context budget...
01:30:18 Feeding token optimizer...
01:30:18 Feeding git tracker...
02:48:06 Feeding activity tracker...
02:48:07 Feeding subscription tracker...
02:48:07 Feeding complexity analyzer...
02:48:07 Feeding context budget...
02:48:07 Feeding token optimizer...
02:48:07 Feeding git tracker...
04:04:34 Feeding activity tracker...
04:04:35 Feeding subscription tracker...
04:04:35 Feeding complexity analyzer...
04:04:35 Feeding context budget...
04:04:35 Feeding token optimizer...
04:04:35 Feeding git tracker...
06:00:29 Feeding activity tracker...
06:00:29 Feeding subscription tracker...
06:00:30 Feeding complexity analyzer...
06:00:30 Feeding context budget...
06:00:30 Feeding token optimizer...
06:00:30 Feeding git tracker...
18:00:49 Feeding activity tracker...
18:00:49 Feeding subscription tracker...
18:00:49 Feeding complexity analyzer...
18:00:49 Feeding context budget...
18:00:49 Feeding token optimizer...
18:00:49 Feeding git tracker...
19:37:56 Feeding activity tracker...
19:37:57 Feeding subscription tracker...
19:37:57 Feeding complexity analyzer...
19:37:57 Feeding context budget...
19:37:57 Feeding token optimizer...
19:37:57 Feeding git tracker...
20:52:38 Feeding activity tracker...
20:52:42 Feeding subscription tracker...
20:52:49 Feeding complexity analyzer...
20:52:49 Feeding context budget...
20:52:50 Feeding token optimizer...
20:52:50 Feeding git tracker...
21:48:08 Feeding activity tracker...
21:48:09 Feeding subscription tracker...
21:48:09 Feeding complexity analyzer...
21:48:09 Feeding context budget...
21:48:09 Feeding token optimizer...
21:48:09 Feeding git tracker...
21:52:28 Feeding activity tracker...
21:52:30 Feeding subscription tracker...
21:52:33 Feeding complexity analyzer...
21:52:35 Feeding context budget...
21:52:36 Feeding token optimizer...
21:52:37 Feeding git tracker...
00:40:44 Feeding activity tracker...
00:40:44 Feeding subscription tracker...
00:40:44 Feeding complexity analyzer...
00:40:44 Feeding context budget...
00:40:45 Feeding token optimizer...
00:40:45 Feeding git tracker...
01:29:51 Feeding activity tracker...
01:29:51 Feeding subscription tracker...
01:29:52 Feeding complexity analyzer...
01:29:52 Feeding context budget...
01:29:52 Feeding token optimizer...
01:29:52 Feeding git tracker...
01:45:00 Feeding activity tracker...
01:45:00 Feeding subscription tracker...
01:45:01 Feeding complexity analyzer...
01:45:01 Feeding context budget...
01:45:01 Feeding token optimizer...
01:45:01 Feeding git tracker...
02:25:28 Feeding activity tracker...
02:25:28 Feeding subscription tracker...
02:25:28 Feeding complexity analyzer...
02:25:28 Feeding context budget...
02:25:28 Feeding token optimizer...
02:25:28 Feeding git tracker...
06:00:32 Feeding activity tracker...
06:00:32 Feeding subscription tracker...
06:00:32 Feeding complexity analyzer...
06:00:32 Feeding context budget...
06:00:32 Feeding token optimizer...
06:00:32 Feeding git tracker...
06:42:03 Feeding activity tracker...
06:42:03 Feeding subscription tracker...
06:42:03 Feeding complexity analyzer...
06:42:03 Feeding context budget...
06:42:03 Feeding token optimizer...
06:42:03 Feeding git tracker...
06:43:00 Feeding activity tracker...
06:43:01 Feeding subscription tracker...
06:43:01 Feeding complexity analyzer...
06:43:01 Feeding context budget...
06:43:01 Feeding token optimizer...
06:43:01 Feeding git tracker...
06:59:36 Feeding activity tracker...
06:59:36 Feeding subscription tracker...
06:59:36 Feeding complexity analyzer...
06:59:36 Feeding context budget...
06:59:36 Feeding token optimizer...
06:59:36 Feeding git tracker...
13:19:56 Feeding activity tracker...
13:19:56 Feeding subscription tracker...
13:19:56 Feeding complexity analyzer...
13:19:56 Feeding context budget...
13:19:56 Feeding token optimizer...
13:19:56 Feeding git tracker...
18:00:27 Feeding activity tracker...
18:00:27 Feeding subscription tracker...
18:00:27 Feeding complexity analyzer...
18:00:27 Feeding context budget...
18:00:27 Feeding token optimizer...
18:00:27 Feeding git tracker...
18:02:04 Feeding activity tracker...
18:02:04 Feeding subscription tracker...
18:02:04 Feeding complexity analyzer...
18:02:04 Feeding context budget...
18:02:04 Feeding token optimizer...
18:02:05 Feeding git tracker...
18:13:08 Feeding activity tracker...
18:13:09 Feeding subscription tracker...
18:13:09 Feeding complexity analyzer...
18:13:09 Feeding context budget...
18:13:09 Feeding token optimizer...
18:13:09 Feeding git tracker...
00:34:29 Feeding activity tracker...
00:34:29 Feeding subscription tracker...
00:34:29 Feeding complexity analyzer...
00:34:29 Feeding context budget...
00:34:29 Feeding token optimizer...
00:34:29 Feeding git tracker...
01:59:55 Feeding activity tracker...
01:59:55 Feeding subscription tracker...
01:59:55 Feeding complexity analyzer...
01:59:55 Feeding context budget...
01:59:56 Feeding token optimizer...
01:59:56 Feeding git tracker...
